<?xml version='1.1' encoding='UTF-8'?>
<result plugin="junit@1322.v1556dc1c59a_f">
  <suites>
    <suite>
      <file>/var/jenkins_home/workspace/maven-job/target/surefire-reports/TEST-com.mycompany.app.AppTest.xml</file>
      <name>com.mycompany.app.AppTest</name>
      <duration>0.127</duration>
      <startTime>-1</startTime>
      <properties/>
      <time>0.127</time>
      <enclosingBlocks/>
      <enclosingBlockNames/>
      <cases>
        <case>
          <duration>0.046</duration>
          <startTime>-1</startTime>
          <className>com.mycompany.app.AppTest</className>
          <testName>testAppConstructor</testName>
          <skipped>false</skipped>
          <keepTestNames>false</keepTestNames>
          <properties/>
          <failedSince>0</failedSince>
        </case>
        <case>
          <duration>0.006</duration>
          <startTime>-1</startTime>
          <className>com.mycompany.app.AppTest</className>
          <testName>testAppMessage</testName>
          <skipped>false</skipped>
          <keepTestNames>false</keepTestNames>
          <properties/>
          <failedSince>0</failedSince>
        </case>
      </cases>
    </suite>
  </suites>
  <duration>0.127</duration>
  <skipOldReports>false</skipOldReports>
  <startTime>-1</startTime>
  <stdioRetention>NONE</stdioRetention>
  <keepTestNames>false</keepTestNames>
  <keepProperties>false</keepProperties>
</result>