<?xml version='1.1' encoding='UTF-8'?>
<result plugin="junit@1322.v1556dc1c59a_f">
  <suites>
    <suite>
      <file>/var/jenkins_home/workspace/maven-job/target/surefire-reports/TEST-com.mycompany.app.AppTest.xml</file>
      <name>com.mycompany.app.AppTest</name>
      <duration>1.929</duration>
      <startTime>-1</startTime>
      <properties/>
      <time>1.929</time>
      <enclosingBlocks/>
      <enclosingBlockNames/>
      <cases>
        <case>
          <duration>1.148</duration>
          <startTime>-1</startTime>
          <className>com.mycompany.app.AppTest</className>
          <testName>testAppConstructor</testName>
          <skipped>false</skipped>
          <keepTestNames>false</keepTestNames>
          <properties/>
          <failedSince>0</failedSince>
        </case>
        <case>
          <duration>0.353</duration>
          <startTime>-1</startTime>
          <className>com.mycompany.app.AppTest</className>
          <testName>testAppMessage</testName>
          <skipped>false</skipped>
          <keepTestNames>false</keepTestNames>
          <errorStackTrace>org.opentest4j.AssertionFailedError: expected: &lt;Hello World by Git and Jenkins!&gt; but was: &lt;Hello World by - Git and Jenkins!&gt;
	at org.junit.jupiter.api.AssertionFailureBuilder.build(AssertionFailureBuilder.java:151)
	at org.junit.jupiter.api.AssertionFailureBuilder.buildAndThrow(AssertionFailureBuilder.java:132)
	at org.junit.jupiter.api.AssertEquals.failNotEqual(AssertEquals.java:197)
	at org.junit.jupiter.api.AssertEquals.assertEquals(AssertEquals.java:182)
	at org.junit.jupiter.api.AssertEquals.assertEquals(AssertEquals.java:177)
	at org.junit.jupiter.api.Assertions.assertEquals(Assertions.java:1145)
	at com.mycompany.app.AppTest.testAppMessage(AppTest.java:23)
	at java.base/java.lang.reflect.Method.invoke(Unknown Source)
	at java.base/java.util.ArrayList.forEach(Unknown Source)
	at java.base/java.util.ArrayList.forEach(Unknown Source)
</errorStackTrace>
          <errorDetails>expected: &lt;Hello World by Git and Jenkins!&gt; but was: &lt;Hello World by - Git and Jenkins!&gt;</errorDetails>
          <properties/>
          <failedSince>0</failedSince>
        </case>
      </cases>
    </suite>
  </suites>
  <duration>1.929</duration>
  <skipOldReports>false</skipOldReports>
  <startTime>-1</startTime>
  <stdioRetention>NONE</stdioRetention>
  <keepTestNames>false</keepTestNames>
  <keepProperties>false</keepProperties>
</result>